# JRE version: OpenJDK Runtime Environment Temurin-21.0.8+9 (21.0.8+9) (build 21.0.8+9-LTS)
# Java VM: OpenJDK 64-Bit Server VM Temurin-21.0.8+9 (21.0.8+9-LTS, mixed mode, sharing, tiered, compressed oops, compressed class ptrs, parallel gc, windows-amd64)
GC Precious Log:
 CardTable entry size: 512
 CPUs: 12 total, 12 available
 Memory: 7866M
 Large Page Support: Disabled
 NUMA Support: Disabled
 Compressed Oops: Enabled (32-bit)
 Alignments: Space 512K, Generation 512K, Heap 2M
 Heap Min Capacity: 100M
 Heap Initial Capacity: 100M
 Heap Max Capacity: 2G
 Pre-touch: Disabled
 Parallel Workers: 10
Heap:
 PSYoungGen      total 20480K, used 18791K [0x00000000d5580000, 0x00000000d6f80000, 0x0000000100000000)
  eden space 14336K, 100% used [0x00000000d5580000,0x00000000d6380000,0x00000000d6380000)
  from space 6144K, 72% used [0x00000000d6380000,0x00000000d67d9df8,0x00000000d6980000)
  to   space 5120K, 99% used [0x00000000d6a80000,0x00000000d6f7a4b8,0x00000000d6f80000)
 ParOldGen       total 327680K, used 327470K [0x0000000080000000, 0x0000000094000000, 0x00000000d5580000)
  object space 327680K, 99% used [0x0000000080000000,0x0000000093fcbaf8,0x0000000094000000)
 Metaspace       used 64506K, committed 65920K, reserved 1114112K
  class space    used 7372K, committed 7936K, reserved 1048576K
GC Heap History (20 events):
Event: 31.096 GC heap before
{Heap before GC invocations=337 (full 4):
 PSYoungGen      total 11264K, used 11176K [0x00000000d5580000, 0x00000000d6380000, 0x0000000100000000)
  eden space 8704K, 100% used [0x00000000d5580000,0x00000000d5e00000,0x00000000d5e00000)
  from space 2560K, 96% used [0x00000000d6100000,0x00000000d636a368,0x00000000d6380000)
  to   space 2560K, 0% used [0x00000000d5e80000,0x00000000d5e80000,0x00000000d6100000)
 ParOldGen       total 301056K, used 281627K [0x0000000080000000, 0x0000000092600000, 0x00000000d5580000)
  object space 301056K, 93% used [0x0000000080000000,0x0000000091306ff8,0x0000000092600000)
 Metaspace       used 64422K, committed 65792K, reserved 1114112K
  class space    used 7363K, committed 7936K, reserved 1048576K
}
Event: 31.098 GC heap after
{Heap after GC invocations=337 (full 4):
 PSYoungGen      total 11776K, used 2544K [0x00000000d5580000, 0x00000000d6a00000, 0x0000000100000000)
  eden space 9216K, 0% used [0x00000000d5580000,0x00000000d5580000,0x00000000d5e80000)
  from space 2560K, 99% used [0x00000000d5e80000,0x00000000d60fc168,0x00000000d6100000)
  to   space 5120K, 0% used [0x00000000d6500000,0x00000000d6500000,0x00000000d6a00000)
 ParOldGen       total 301056K, used 283716K [0x0000000080000000, 0x0000000092600000, 0x00000000d5580000)
  object space 301056K, 94% used [0x0000000080000000,0x0000000091511180,0x0000000092600000)
 Metaspace       used 64422K, committed 65792K, reserved 1114112K
  class space    used 7363K, committed 7936K, reserved 1048576K
}
Event: 31.112 GC heap before
{Heap before GC invocations=338 (full 4):
 PSYoungGen      total 11776K, used 11760K [0x00000000d5580000, 0x00000000d6a00000, 0x0000000100000000)
  eden space 9216K, 100% used [0x00000000d5580000,0x00000000d5e80000,0x00000000d5e80000)
  from space 2560K, 99% used [0x00000000d5e80000,0x00000000d60fc168,0x00000000d6100000)
  to   space 5120K, 0% used [0x00000000d6500000,0x00000000d6500000,0x00000000d6a00000)
 ParOldGen       total 301056K, used 283716K [0x0000000080000000, 0x0000000092600000, 0x00000000d5580000)
  object space 301056K, 94% used [0x0000000080000000,0x0000000091511180,0x0000000092600000)
 Metaspace       used 64425K, committed 65792K, reserved 1114112K
  class space    used 7363K, committed 7936K, reserved 1048576K
}
Event: 31.116 GC heap after
{Heap after GC invocations=338 (full 4):
 PSYoungGen      total 15872K, used 3964K [0x00000000d5580000, 0x00000000d6980000, 0x0000000100000000)
  eden space 11264K, 0% used [0x00000000d5580000,0x00000000d5580000,0x00000000d6080000)
  from space 4608K, 86% used [0x00000000d6500000,0x00000000d68df1a0,0x00000000d6980000)
  to   space 4608K, 0% used [0x00000000d6080000,0x00000000d6080000,0x00000000d6500000)
 ParOldGen       total 301056K, used 285893K [0x0000000080000000, 0x0000000092600000, 0x00000000d5580000)
  object space 301056K, 94% used [0x0000000080000000,0x0000000091731608,0x0000000092600000)
 Metaspace       used 64425K, committed 65792K, reserved 1114112K
  class space    used 7363K, committed 7936K, reserved 1048576K
}
Event: 31.139 GC heap before
{Heap before GC invocations=339 (full 4):
 PSYoungGen      total 15872K, used 15228K [0x00000000d5580000, 0x00000000d6980000, 0x0000000100000000)
  eden space 11264K, 100% used [0x00000000d5580000,0x00000000d6080000,0x00000000d6080000)
  from space 4608K, 86% used [0x00000000d6500000,0x00000000d68df1a0,0x00000000d6980000)
  to   space 4608K, 0% used [0x00000000d6080000,0x00000000d6080000,0x00000000d6500000)
 ParOldGen       total 301056K, used 285893K [0x0000000080000000, 0x0000000092600000, 0x00000000d5580000)
  object space 301056K, 94% used [0x0000000080000000,0x0000000091731608,0x0000000092600000)
 Metaspace       used 64448K, committed 65792K, reserved 1114112K
  class space    used 7366K, committed 7936K, reserved 1048576K
}
Event: 31.142 GC heap after
{Heap after GC invocations=339 (full 4):
 PSYoungGen      total 15872K, used 3704K [0x00000000d5580000, 0x00000000d6a80000, 0x0000000100000000)
  eden space 11264K, 0% used [0x00000000d5580000,0x00000000d5580000,0x00000000d6080000)
  from space 4608K, 80% used [0x00000000d6080000,0x00000000d641e070,0x00000000d6500000)
  to   space 4096K, 0% used [0x00000000d6680000,0x00000000d6680000,0x00000000d6a80000)
 ParOldGen       total 301056K, used 288273K [0x0000000080000000, 0x0000000092600000, 0x00000000d5580000)
  object space 301056K, 95% used [0x0000000080000000,0x0000000091984480,0x0000000092600000)
 Metaspace       used 64448K, committed 65792K, reserved 1114112K
  class space    used 7366K, committed 7936K, reserved 1048576K
}
Event: 31.157 GC heap before
{Heap before GC invocations=340 (full 4):
 PSYoungGen      total 15872K, used 14960K [0x00000000d5580000, 0x00000000d6a80000, 0x0000000100000000)
  eden space 11264K, 99% used [0x00000000d5580000,0x00000000d607e308,0x00000000d6080000)
  from space 4608K, 80% used [0x00000000d6080000,0x00000000d641e070,0x00000000d6500000)
  to   space 4096K, 0% used [0x00000000d6680000,0x00000000d6680000,0x00000000d6a80000)
 ParOldGen       total 301056K, used 288273K [0x0000000080000000, 0x0000000092600000, 0x00000000d5580000)
  object space 301056K, 95% used [0x0000000080000000,0x0000000091984480,0x0000000092600000)
 Metaspace       used 64448K, committed 65792K, reserved 1114112K
  class space    used 7366K, committed 7936K, reserved 1048576K
}
Event: 31.160 GC heap after
{Heap after GC invocations=340 (full 4):
 PSYoungGen      total 12800K, used 4069K [0x00000000d5580000, 0x00000000d7380000, 0x0000000100000000)
  eden space 8704K, 0% used [0x00000000d5580000,0x00000000d5580000,0x00000000d5e00000)
  from space 4096K, 99% used [0x00000000d6680000,0x00000000d6a79640,0x00000000d6a80000)
  to   space 8704K, 0% used [0x00000000d5e00000,0x00000000d5e00000,0x00000000d6680000)
 ParOldGen       total 301056K, used 292139K [0x0000000080000000, 0x0000000092600000, 0x00000000d5580000)
  object space 301056K, 97% used [0x0000000080000000,0x0000000091d4ad18,0x0000000092600000)
 Metaspace       used 64448K, committed 65792K, reserved 1114112K
  class space    used 7366K, committed 7936K, reserved 1048576K
}
Event: 31.170 GC heap before
{Heap before GC invocations=341 (full 4):
 PSYoungGen      total 12800K, used 12773K [0x00000000d5580000, 0x00000000d7380000, 0x0000000100000000)
  eden space 8704K, 100% used [0x00000000d5580000,0x00000000d5e00000,0x00000000d5e00000)
  from space 4096K, 99% used [0x00000000d6680000,0x00000000d6a79640,0x00000000d6a80000)
  to   space 8704K, 0% used [0x00000000d5e00000,0x00000000d5e00000,0x00000000d6680000)
 ParOldGen       total 301056K, used 292139K [0x0000000080000000, 0x0000000092600000, 0x00000000d5580000)
  object space 301056K, 97% used [0x0000000080000000,0x0000000091d4ad18,0x0000000092600000)
 Metaspace       used 64448K, committed 65792K, reserved 1114112K
  class space    used 7366K, committed 7936K, reserved 1048576K
}
Event: 31.173 GC heap after
{Heap after GC invocations=341 (full 4):
 PSYoungGen      total 12800K, used 3614K [0x00000000d5580000, 0x00000000d6b00000, 0x0000000100000000)
  eden space 8704K, 0% used [0x00000000d5580000,0x00000000d5580000,0x00000000d5e00000)
  from space 4096K, 88% used [0x00000000d5e00000,0x00000000d61879a8,0x00000000d6200000)
  to   space 5632K, 0% used [0x00000000d6580000,0x00000000d6580000,0x00000000d6b00000)
 ParOldGen       total 301056K, used 296014K [0x0000000080000000, 0x0000000092600000, 0x00000000d5580000)
  object space 301056K, 98% used [0x0000000080000000,0x00000000921139e0,0x0000000092600000)
 Metaspace       used 64448K, committed 65792K, reserved 1114112K
  class space    used 7366K, committed 7936K, reserved 1048576K
}
Event: 31.182 GC heap before
{Heap before GC invocations=342 (full 4):
 PSYoungGen      total 12800K, used 12318K [0x00000000d5580000, 0x00000000d6b00000, 0x0000000100000000)
  eden space 8704K, 100% used [0x00000000d5580000,0x00000000d5e00000,0x00000000d5e00000)
  from space 4096K, 88% used [0x00000000d5e00000,0x00000000d61879a8,0x00000000d6200000)
  to   space 5632K, 0% used [0x00000000d6580000,0x00000000d6580000,0x00000000d6b00000)
 ParOldGen       total 301056K, used 296014K [0x0000000080000000, 0x0000000092600000, 0x00000000d5580000)
  object space 301056K, 98% used [0x0000000080000000,0x00000000921139e0,0x0000000092600000)
 Metaspace       used 64448K, committed 65792K, reserved 1114112K
  class space    used 7366K, committed 7936K, reserved 1048576K
}
Event: 31.186 GC heap after
{Heap after GC invocations=342 (full 4):
 PSYoungGen      total 14848K, used 3874K [0x00000000d5580000, 0x00000000d6980000, 0x0000000100000000)
  eden space 10752K, 0% used [0x00000000d5580000,0x00000000d5580000,0x00000000d6000000)
  from space 4096K, 94% used [0x00000000d6580000,0x00000000d6948bd8,0x00000000d6980000)
  to   space 4096K, 0% used [0x00000000d6180000,0x00000000d6180000,0x00000000d6580000)
 ParOldGen       total 301056K, used 299384K [0x0000000080000000, 0x0000000092600000, 0x00000000d5580000)
  object space 301056K, 99% used [0x0000000080000000,0x000000009245e3d8,0x0000000092600000)
 Metaspace       used 64448K, committed 65792K, reserved 1114112K
  class space    used 7366K, committed 7936K, reserved 1048576K
}
Event: 31.199 GC heap before
{Heap before GC invocations=343 (full 4):
 PSYoungGen      total 14848K, used 14626K [0x00000000d5580000, 0x00000000d6980000, 0x0000000100000000)
  eden space 10752K, 100% used [0x00000000d5580000,0x00000000d6000000,0x00000000d6000000)
  from space 4096K, 94% used [0x00000000d6580000,0x00000000d6948bd8,0x00000000d6980000)
  to   space 4096K, 0% used [0x00000000d6180000,0x00000000d6180000,0x00000000d6580000)
 ParOldGen       total 301056K, used 299384K [0x0000000080000000, 0x0000000092600000, 0x00000000d5580000)
  object space 301056K, 99% used [0x0000000080000000,0x000000009245e3d8,0x0000000092600000)
 Metaspace       used 64448K, committed 65792K, reserved 1114112K
  class space    used 7366K, committed 7936K, reserved 1048576K
}
Event: 31.203 GC heap after
{Heap after GC invocations=343 (full 4):
 PSYoungGen      total 16384K, used 4076K [0x00000000d5580000, 0x00000000d7300000, 0x0000000100000000)
  eden space 12288K, 0% used [0x00000000d5580000,0x00000000d5580000,0x00000000d6180000)
  from space 4096K, 99% used [0x00000000d6180000,0x00000000d657b320,0x00000000d6580000)
  to   space 8704K, 0% used [0x00000000d6a80000,0x00000000d6a80000,0x00000000d7300000)
 ParOldGen       total 303616K, used 303205K [0x0000000080000000, 0x0000000092880000, 0x00000000d5580000)
  object space 303616K, 99% used [0x0000000080000000,0x0000000092819578,0x0000000092880000)
 Metaspace       used 64448K, committed 65792K, reserved 1114112K
  class space    used 7366K, committed 7936K, reserved 1048576K
}
Event: 31.278 GC heap before
{Heap before GC invocations=344 (full 4):
 PSYoungGen      total 16384K, used 16364K [0x00000000d5580000, 0x00000000d7300000, 0x0000000100000000)
  eden space 12288K, 100% used [0x00000000d5580000,0x00000000d6180000,0x00000000d6180000)
  from space 4096K, 99% used [0x00000000d6180000,0x00000000d657b320,0x00000000d6580000)
  to   space 8704K, 0% used [0x00000000d6a80000,0x00000000d6a80000,0x00000000d7300000)
 ParOldGen       total 303616K, used 303205K [0x0000000080000000, 0x0000000092880000, 0x00000000d5580000)
  object space 303616K, 99% used [0x0000000080000000,0x0000000092819578,0x0000000092880000)
 Metaspace       used 64469K, committed 65856K, reserved 1114112K
  class space    used 7367K, committed 7936K, reserved 1048576K
}
Event: 31.283 GC heap after
{Heap after GC invocations=344 (full 4):
 PSYoungGen      total 19456K, used 4454K [0x00000000d5580000, 0x00000000d6f80000, 0x0000000100000000)
  eden space 14336K, 0% used [0x00000000d5580000,0x00000000d5580000,0x00000000d6380000)
  from space 5120K, 87% used [0x00000000d6a80000,0x00000000d6ed9be8,0x00000000d6f80000)
  to   space 6144K, 0% used [0x00000000d6380000,0x00000000d6380000,0x00000000d6980000)
 ParOldGen       total 307200K, used 307149K [0x0000000080000000, 0x0000000092c00000, 0x00000000d5580000)
  object space 307200K, 99% used [0x0000000080000000,0x0000000092bf35d0,0x0000000092c00000)
 Metaspace       used 64469K, committed 65856K, reserved 1114112K
  class space    used 7367K, committed 7936K, reserved 1048576K
}
Event: 31.383 GC heap before
{Heap before GC invocations=345 (full 4):
 PSYoungGen      total 19456K, used 18790K [0x00000000d5580000, 0x00000000d6f80000, 0x0000000100000000)
  eden space 14336K, 100% used [0x00000000d5580000,0x00000000d6380000,0x00000000d6380000)
  from space 5120K, 87% used [0x00000000d6a80000,0x00000000d6ed9be8,0x00000000d6f80000)
  to   space 6144K, 0% used [0x00000000d6380000,0x00000000d6380000,0x00000000d6980000)
 ParOldGen       total 307200K, used 307149K [0x0000000080000000, 0x0000000092c00000, 0x00000000d5580000)
  object space 307200K, 99% used [0x0000000080000000,0x0000000092bf35d0,0x0000000092c00000)
 Metaspace       used 64503K, committed 65920K, reserved 1114112K
  class space    used 7371K, committed 7936K, reserved 1048576K
}
Event: 35.419 GC heap after
{Heap after GC invocations=345 (full 4):
 PSYoungGen      total 19456K, used 18790K [0x00000000d5580000, 0x00000000d6f80000, 0x0000000100000000)
  eden space 14336K, 100% used [0x00000000d5580000,0x00000000d6380000,0x00000000d6380000)
  from space 5120K, 87% used [0x00000000d6a80000,0x00000000d6ed9be8,0x00000000d6f80000)
  to   space 6144K, 99% used [0x00000000d6380000,0x00000000d697f058,0x00000000d6980000)
 ParOldGen       total 316416K, used 316218K [0x0000000080000000, 0x0000000093500000, 0x00000000d5580000)
  object space 316416K, 99% used [0x0000000080000000,0x00000000934cea30,0x0000000093500000)
 Metaspace       used 64503K, committed 65920K, reserved 1114112K
  class space    used 7371K, committed 7936K, reserved 1048576K
}
Event: 35.419 GC heap before
{Heap before GC invocations=346 (full 5):
 PSYoungGen      total 19456K, used 18790K [0x00000000d5580000, 0x00000000d6f80000, 0x0000000100000000)
  eden space 14336K, 100% used [0x00000000d5580000,0x00000000d6380000,0x00000000d6380000)
  from space 5120K, 87% used [0x00000000d6a80000,0x00000000d6ed9be8,0x00000000d6f80000)
  to   space 6144K, 99% used [0x00000000d6380000,0x00000000d697f058,0x00000000d6980000)
 ParOldGen       total 316416K, used 316218K [0x0000000080000000, 0x0000000093500000, 0x00000000d5580000)
  object space 316416K, 99% used [0x0000000080000000,0x00000000934cea30,0x0000000093500000)
 Metaspace       used 64503K, committed 65920K, reserved 1114112K
  class space    used 7371K, committed 7936K, reserved 1048576K
}
Event: 45.173 GC heap after
{Heap after GC invocations=346 (full 5):
 PSYoungGen      total 20480K, used 4455K [0x00000000d5580000, 0x00000000d6f80000, 0x0000000100000000)
  eden space 14336K, 0% used [0x00000000d5580000,0x00000000d5580000,0x00000000d6380000)
  from space 6144K, 72% used [0x00000000d6380000,0x00000000d67d9df8,0x00000000d6980000)
  to   space 5120K, 0% used [0x00000000d6a80000,0x00000000d6a80000,0x00000000d6f80000)
 ParOldGen       total 316416K, used 316110K [0x0000000080000000, 0x0000000093500000, 0x00000000d5580000)
  object space 316416K, 99% used [0x0000000080000000,0x00000000934b3b00,0x0000000093500000)
 Metaspace       used 64503K, committed 65920K, reserved 1114112K
  class space    used 7371K, committed 7936K, reserved 1048576K
}

