# JRE version: OpenJDK Runtime Environment Temurin-21.0.8+9 (21.0.8+9) (build 21.0.8+9-LTS)
# Java VM: OpenJDK 64-Bit Server VM Temurin-21.0.8+9 (21.0.8+9-LTS, mixed mode, sharing, tiered, compressed oops, compressed class ptrs, parallel gc, windows-amd64)
GC Precious Log:
 CardTable entry size: 512
 CPUs: 12 total, 12 available
 Memory: 7866M
 Large Page Support: Disabled
 NUMA Support: Disabled
 Compressed Oops: Enabled (32-bit)
 Alignments: Space 512K, Generation 512K, Heap 2M
 Heap Min Capacity: 100M
 Heap Initial Capacity: 100M
 Heap Max Capacity: 2G
 Pre-touch: Disabled
 Parallel Workers: 10
Heap:
 PSYoungGen      total 6656K, used 2935K [0x00000000d5580000, 0x00000000d6080000, 0x0000000100000000)
  eden space 6144K, 44% used [0x00000000d5580000,0x00000000d5825d00,0x00000000d5b80000)
  from space 512K, 43% used [0x00000000d6000000,0x00000000d6038000,0x00000000d6080000)
  to   space 512K, 0% used [0x00000000d5f80000,0x00000000d5f80000,0x00000000d6000000)
 ParOldGen       total 447488K, used 447098K [0x0000000080000000, 0x000000009b500000, 0x00000000d5580000)
  object space 447488K, 99% used [0x0000000080000000,0x000000009b49eb20,0x000000009b500000)
 Metaspace       used 73368K, committed 75008K, reserved 1179648K
  class space    used 8730K, committed 9472K, reserved 1048576K
GC Heap History (20 events):
Event: 66.111 GC heap before
{Heap before GC invocations=450 (full 3):
 PSYoungGen      total 7168K, used 7130K [0x00000000d5580000, 0x00000000d6300000, 0x0000000100000000)
  eden space 5120K, 100% used [0x00000000d5580000,0x00000000d5a80000,0x00000000d5a80000)
  from space 2048K, 98% used [0x00000000d6100000,0x00000000d62f6bd0,0x00000000d6300000)
  to   space 3584K, 0% used [0x00000000d5c00000,0x00000000d5c00000,0x00000000d5f80000)
 ParOldGen       total 445440K, used 444931K [0x0000000080000000, 0x000000009b300000, 0x00000000d5580000)
  object space 445440K, 99% used [0x0000000080000000,0x000000009b280d48,0x000000009b300000)
 Metaspace       used 73098K, committed 74688K, reserved 1114112K
  class space    used 8696K, committed 9408K, reserved 1048576K
}
Event: 66.116 GC heap after
{Heap after GC invocations=450 (full 3):
 PSYoungGen      total 8704K, used 288K [0x00000000d5580000, 0x00000000d6180000, 0x0000000100000000)
  eden space 5120K, 0% used [0x00000000d5580000,0x00000000d5580000,0x00000000d5a80000)
  from space 3584K, 8% used [0x00000000d5c00000,0x00000000d5c48000,0x00000000d5f80000)
  to   space 1536K, 0% used [0x00000000d6000000,0x00000000d6000000,0x00000000d6180000)
 ParOldGen       total 446976K, used 446722K [0x0000000080000000, 0x000000009b480000, 0x00000000d5580000)
  object space 446976K, 99% used [0x0000000080000000,0x000000009b440b20,0x000000009b480000)
 Metaspace       used 73098K, committed 74688K, reserved 1114112K
  class space    used 8696K, committed 9408K, reserved 1048576K
}
Event: 67.748 GC heap before
{Heap before GC invocations=451 (full 3):
 PSYoungGen      total 8704K, used 5408K [0x00000000d5580000, 0x00000000d6180000, 0x0000000100000000)
  eden space 5120K, 100% used [0x00000000d5580000,0x00000000d5a80000,0x00000000d5a80000)
  from space 3584K, 8% used [0x00000000d5c00000,0x00000000d5c48000,0x00000000d5f80000)
  to   space 1536K, 0% used [0x00000000d6000000,0x00000000d6000000,0x00000000d6180000)
 ParOldGen       total 446976K, used 446722K [0x0000000080000000, 0x000000009b480000, 0x00000000d5580000)
  object space 446976K, 99% used [0x0000000080000000,0x000000009b440b20,0x000000009b480000)
 Metaspace       used 73148K, committed 74752K, reserved 1179648K
  class space    used 8696K, committed 9408K, reserved 1048576K
}
Event: 67.750 GC heap after
{Heap after GC invocations=451 (full 3):
 PSYoungGen      total 5632K, used 288K [0x00000000d5580000, 0x00000000d6080000, 0x0000000100000000)
  eden space 5120K, 0% used [0x00000000d5580000,0x00000000d5580000,0x00000000d5a80000)
  from space 512K, 56% used [0x00000000d6000000,0x00000000d6048000,0x00000000d6080000)
  to   space 512K, 0% used [0x00000000d5f80000,0x00000000d5f80000,0x00000000d6000000)
 ParOldGen       total 446976K, used 446786K [0x0000000080000000, 0x000000009b480000, 0x00000000d5580000)
  object space 446976K, 99% used [0x0000000080000000,0x000000009b450b20,0x000000009b480000)
 Metaspace       used 73148K, committed 74752K, reserved 1179648K
  class space    used 8696K, committed 9408K, reserved 1048576K
}
Event: 68.786 GC heap before
{Heap before GC invocations=452 (full 3):
 PSYoungGen      total 5632K, used 5408K [0x00000000d5580000, 0x00000000d6080000, 0x0000000100000000)
  eden space 5120K, 100% used [0x00000000d5580000,0x00000000d5a80000,0x00000000d5a80000)
  from space 512K, 56% used [0x00000000d6000000,0x00000000d6048000,0x00000000d6080000)
  to   space 512K, 0% used [0x00000000d5f80000,0x00000000d5f80000,0x00000000d6000000)
 ParOldGen       total 446976K, used 446786K [0x0000000080000000, 0x000000009b480000, 0x00000000d5580000)
  object space 446976K, 99% used [0x0000000080000000,0x000000009b450b20,0x000000009b480000)
 Metaspace       used 73176K, committed 74752K, reserved 1179648K
  class space    used 8696K, committed 9408K, reserved 1048576K
}
Event: 68.787 GC heap after
{Heap after GC invocations=452 (full 3):
 PSYoungGen      total 5632K, used 192K [0x00000000d5580000, 0x00000000d6080000, 0x0000000100000000)
  eden space 5120K, 0% used [0x00000000d5580000,0x00000000d5580000,0x00000000d5a80000)
  from space 512K, 37% used [0x00000000d5f80000,0x00000000d5fb0000,0x00000000d6000000)
  to   space 512K, 0% used [0x00000000d6000000,0x00000000d6000000,0x00000000d6080000)
 ParOldGen       total 446976K, used 446818K [0x0000000080000000, 0x000000009b480000, 0x00000000d5580000)
  object space 446976K, 99% used [0x0000000080000000,0x000000009b458b20,0x000000009b480000)
 Metaspace       used 73176K, committed 74752K, reserved 1179648K
  class space    used 8696K, committed 9408K, reserved 1048576K
}
Event: 68.806 GC heap before
{Heap before GC invocations=453 (full 3):
 PSYoungGen      total 5632K, used 5312K [0x00000000d5580000, 0x00000000d6080000, 0x0000000100000000)
  eden space 5120K, 100% used [0x00000000d5580000,0x00000000d5a80000,0x00000000d5a80000)
  from space 512K, 37% used [0x00000000d5f80000,0x00000000d5fb0000,0x00000000d6000000)
  to   space 512K, 0% used [0x00000000d6000000,0x00000000d6000000,0x00000000d6080000)
 ParOldGen       total 446976K, used 446818K [0x0000000080000000, 0x000000009b480000, 0x00000000d5580000)
  object space 446976K, 99% used [0x0000000080000000,0x000000009b458b20,0x000000009b480000)
 Metaspace       used 73178K, committed 74752K, reserved 1179648K
  class space    used 8696K, committed 9408K, reserved 1048576K
}
Event: 68.807 GC heap after
{Heap after GC invocations=453 (full 3):
 PSYoungGen      total 5632K, used 224K [0x00000000d5580000, 0x00000000d6080000, 0x0000000100000000)
  eden space 5120K, 0% used [0x00000000d5580000,0x00000000d5580000,0x00000000d5a80000)
  from space 512K, 43% used [0x00000000d6000000,0x00000000d6038000,0x00000000d6080000)
  to   space 512K, 0% used [0x00000000d5f80000,0x00000000d5f80000,0x00000000d6000000)
 ParOldGen       total 446976K, used 446874K [0x0000000080000000, 0x000000009b480000, 0x00000000d5580000)
  object space 446976K, 99% used [0x0000000080000000,0x000000009b466b20,0x000000009b480000)
 Metaspace       used 73178K, committed 74752K, reserved 1179648K
  class space    used 8696K, committed 9408K, reserved 1048576K
}
Event: 68.820 GC heap before
{Heap before GC invocations=454 (full 3):
 PSYoungGen      total 5632K, used 5344K [0x00000000d5580000, 0x00000000d6080000, 0x0000000100000000)
  eden space 5120K, 100% used [0x00000000d5580000,0x00000000d5a80000,0x00000000d5a80000)
  from space 512K, 43% used [0x00000000d6000000,0x00000000d6038000,0x00000000d6080000)
  to   space 512K, 0% used [0x00000000d5f80000,0x00000000d5f80000,0x00000000d6000000)
 ParOldGen       total 446976K, used 446874K [0x0000000080000000, 0x000000009b480000, 0x00000000d5580000)
  object space 446976K, 99% used [0x0000000080000000,0x000000009b466b20,0x000000009b480000)
 Metaspace       used 73178K, committed 74752K, reserved 1179648K
  class space    used 8696K, committed 9408K, reserved 1048576K
}
Event: 68.821 GC heap after
{Heap after GC invocations=454 (full 3):
 PSYoungGen      total 5632K, used 224K [0x00000000d5580000, 0x00000000d6080000, 0x0000000100000000)
  eden space 5120K, 0% used [0x00000000d5580000,0x00000000d5580000,0x00000000d5a80000)
  from space 512K, 43% used [0x00000000d5f80000,0x00000000d5fb8000,0x00000000d6000000)
  to   space 512K, 0% used [0x00000000d6000000,0x00000000d6000000,0x00000000d6080000)
 ParOldGen       total 446976K, used 446914K [0x0000000080000000, 0x000000009b480000, 0x00000000d5580000)
  object space 446976K, 99% used [0x0000000080000000,0x000000009b470b20,0x000000009b480000)
 Metaspace       used 73178K, committed 74752K, reserved 1179648K
  class space    used 8696K, committed 9408K, reserved 1048576K
}
Event: 68.837 GC heap before
{Heap before GC invocations=455 (full 3):
 PSYoungGen      total 5632K, used 5344K [0x00000000d5580000, 0x00000000d6080000, 0x0000000100000000)
  eden space 5120K, 100% used [0x00000000d5580000,0x00000000d5a80000,0x00000000d5a80000)
  from space 512K, 43% used [0x00000000d5f80000,0x00000000d5fb8000,0x00000000d6000000)
  to   space 512K, 0% used [0x00000000d6000000,0x00000000d6000000,0x00000000d6080000)
 ParOldGen       total 446976K, used 446914K [0x0000000080000000, 0x000000009b480000, 0x00000000d5580000)
  object space 446976K, 99% used [0x0000000080000000,0x000000009b470b20,0x000000009b480000)
 Metaspace       used 73178K, committed 74752K, reserved 1179648K
  class space    used 8696K, committed 9408K, reserved 1048576K
}
Event: 68.838 GC heap after
{Heap after GC invocations=455 (full 3):
 PSYoungGen      total 5632K, used 288K [0x00000000d5580000, 0x00000000d6080000, 0x0000000100000000)
  eden space 5120K, 0% used [0x00000000d5580000,0x00000000d5580000,0x00000000d5a80000)
  from space 512K, 56% used [0x00000000d6000000,0x00000000d6048000,0x00000000d6080000)
  to   space 512K, 0% used [0x00000000d5f80000,0x00000000d5f80000,0x00000000d6000000)
 ParOldGen       total 446976K, used 446914K [0x0000000080000000, 0x000000009b480000, 0x00000000d5580000)
  object space 446976K, 99% used [0x0000000080000000,0x000000009b470b20,0x000000009b480000)
 Metaspace       used 73178K, committed 74752K, reserved 1179648K
  class space    used 8696K, committed 9408K, reserved 1048576K
}
Event: 68.864 GC heap before
{Heap before GC invocations=456 (full 3):
 PSYoungGen      total 5632K, used 5408K [0x00000000d5580000, 0x00000000d6080000, 0x0000000100000000)
  eden space 5120K, 100% used [0x00000000d5580000,0x00000000d5a80000,0x00000000d5a80000)
  from space 512K, 56% used [0x00000000d6000000,0x00000000d6048000,0x00000000d6080000)
  to   space 512K, 0% used [0x00000000d5f80000,0x00000000d5f80000,0x00000000d6000000)
 ParOldGen       total 446976K, used 446914K [0x0000000080000000, 0x000000009b480000, 0x00000000d5580000)
  object space 446976K, 99% used [0x0000000080000000,0x000000009b470b20,0x000000009b480000)
 Metaspace       used 73178K, committed 74752K, reserved 1179648K
  class space    used 8696K, committed 9408K, reserved 1048576K
}
Event: 68.865 GC heap after
{Heap after GC invocations=456 (full 3):
 PSYoungGen      total 5632K, used 288K [0x00000000d5580000, 0x00000000d6080000, 0x0000000100000000)
  eden space 5120K, 0% used [0x00000000d5580000,0x00000000d5580000,0x00000000d5a80000)
  from space 512K, 56% used [0x00000000d5f80000,0x00000000d5fc8000,0x00000000d6000000)
  to   space 512K, 0% used [0x00000000d6000000,0x00000000d6000000,0x00000000d6080000)
 ParOldGen       total 446976K, used 446914K [0x0000000080000000, 0x000000009b480000, 0x00000000d5580000)
  object space 446976K, 99% used [0x0000000080000000,0x000000009b470b20,0x000000009b480000)
 Metaspace       used 73178K, committed 74752K, reserved 1179648K
  class space    used 8696K, committed 9408K, reserved 1048576K
}
Event: 69.897 GC heap before
{Heap before GC invocations=457 (full 3):
 PSYoungGen      total 5632K, used 5408K [0x00000000d5580000, 0x00000000d6080000, 0x0000000100000000)
  eden space 5120K, 100% used [0x00000000d5580000,0x00000000d5a80000,0x00000000d5a80000)
  from space 512K, 56% used [0x00000000d5f80000,0x00000000d5fc8000,0x00000000d6000000)
  to   space 512K, 0% used [0x00000000d6000000,0x00000000d6000000,0x00000000d6080000)
 ParOldGen       total 446976K, used 446914K [0x0000000080000000, 0x000000009b480000, 0x00000000d5580000)
  object space 446976K, 99% used [0x0000000080000000,0x000000009b470b20,0x000000009b480000)
 Metaspace       used 73276K, committed 74880K, reserved 1179648K
  class space    used 8715K, committed 9408K, reserved 1048576K
}
Event: 69.900 GC heap after
{Heap after GC invocations=457 (full 3):
 PSYoungGen      total 5632K, used 288K [0x00000000d5580000, 0x00000000d6080000, 0x0000000100000000)
  eden space 5120K, 0% used [0x00000000d5580000,0x00000000d5580000,0x00000000d5a80000)
  from space 512K, 56% used [0x00000000d6000000,0x00000000d6048000,0x00000000d6080000)
  to   space 512K, 0% used [0x00000000d5f80000,0x00000000d5f80000,0x00000000d6000000)
 ParOldGen       total 446976K, used 446922K [0x0000000080000000, 0x000000009b480000, 0x00000000d5580000)
  object space 446976K, 99% used [0x0000000080000000,0x000000009b472b20,0x000000009b480000)
 Metaspace       used 73276K, committed 74880K, reserved 1179648K
  class space    used 8715K, committed 9408K, reserved 1048576K
}
Event: 70.137 GC heap before
{Heap before GC invocations=458 (full 3):
 PSYoungGen      total 5632K, used 5408K [0x00000000d5580000, 0x00000000d6080000, 0x0000000100000000)
  eden space 5120K, 100% used [0x00000000d5580000,0x00000000d5a80000,0x00000000d5a80000)
  from space 512K, 56% used [0x00000000d6000000,0x00000000d6048000,0x00000000d6080000)
  to   space 512K, 0% used [0x00000000d5f80000,0x00000000d5f80000,0x00000000d6000000)
 ParOldGen       total 446976K, used 446922K [0x0000000080000000, 0x000000009b480000, 0x00000000d5580000)
  object space 446976K, 99% used [0x0000000080000000,0x000000009b472b20,0x000000009b480000)
 Metaspace       used 73276K, committed 74880K, reserved 1179648K
  class space    used 8715K, committed 9408K, reserved 1048576K
}
Event: 71.140 GC heap after
{Heap after GC invocations=458 (full 3):
 PSYoungGen      total 6656K, used 96K [0x00000000d5580000, 0x00000000d6080000, 0x0000000100000000)
  eden space 6144K, 0% used [0x00000000d5580000,0x00000000d5580000,0x00000000d5b80000)
  from space 512K, 18% used [0x00000000d5f80000,0x00000000d5f98000,0x00000000d6000000)
  to   space 512K, 0% used [0x00000000d6000000,0x00000000d6000000,0x00000000d6080000)
 ParOldGen       total 447488K, used 447074K [0x0000000080000000, 0x000000009b500000, 0x00000000d5580000)
  object space 447488K, 99% used [0x0000000080000000,0x000000009b498b20,0x000000009b500000)
 Metaspace       used 73276K, committed 74880K, reserved 1179648K
  class space    used 8715K, committed 9408K, reserved 1048576K
}
Event: 71.167 GC heap before
{Heap before GC invocations=459 (full 3):
 PSYoungGen      total 6656K, used 6240K [0x00000000d5580000, 0x00000000d6080000, 0x0000000100000000)
  eden space 6144K, 100% used [0x00000000d5580000,0x00000000d5b80000,0x00000000d5b80000)
  from space 512K, 18% used [0x00000000d5f80000,0x00000000d5f98000,0x00000000d6000000)
  to   space 512K, 0% used [0x00000000d6000000,0x00000000d6000000,0x00000000d6080000)
 ParOldGen       total 447488K, used 447074K [0x0000000080000000, 0x000000009b500000, 0x00000000d5580000)
  object space 447488K, 99% used [0x0000000080000000,0x000000009b498b20,0x000000009b500000)
 Metaspace       used 73277K, committed 74880K, reserved 1179648K
  class space    used 8715K, committed 9408K, reserved 1048576K
}
Event: 71.168 GC heap after
{Heap after GC invocations=459 (full 3):
 PSYoungGen      total 6656K, used 224K [0x00000000d5580000, 0x00000000d6080000, 0x0000000100000000)
  eden space 6144K, 0% used [0x00000000d5580000,0x00000000d5580000,0x00000000d5b80000)
  from space 512K, 43% used [0x00000000d6000000,0x00000000d6038000,0x00000000d6080000)
  to   space 512K, 0% used [0x00000000d5f80000,0x00000000d5f80000,0x00000000d6000000)
 ParOldGen       total 447488K, used 447098K [0x0000000080000000, 0x000000009b500000, 0x00000000d5580000)
  object space 447488K, 99% used [0x0000000080000000,0x000000009b49eb20,0x000000009b500000)
 Metaspace       used 73277K, committed 74880K, reserved 1179648K
  class space    used 8715K, committed 9408K, reserved 1048576K
}

