# JRE version: OpenJDK Runtime Environment Temurin-21.0.8+9 (21.0.8+9) (build 21.0.8+9-LTS)
# Java VM: OpenJDK 64-Bit Server VM Temurin-21.0.8+9 (21.0.8+9-LTS, mixed mode, sharing, tiered, compressed oops, compressed class ptrs, parallel gc, windows-amd64)
GC Precious Log:
 CardTable entry size: 512
 CPUs: 12 total, 12 available
 Memory: 7866M
 Large Page Support: Disabled
 NUMA Support: Disabled
 Compressed Oops: Enabled (32-bit)
 Alignments: Space 512K, Generation 512K, Heap 2M
 Heap Min Capacity: 100M
 Heap Initial Capacity: 100M
 Heap Max Capacity: 2G
 Pre-touch: Disabled
 Parallel Workers: 10
Heap:
 PSYoungGen      total 22528K, used 16306K [0x00000000d5580000, 0x00000000d7000000, 0x0000000100000000)
  eden space 22016K, 74% used [0x00000000d5580000,0x00000000d656cab0,0x00000000d6b00000)
  from space 512K, 0% used [0x00000000d6d80000,0x00000000d6d80000,0x00000000d6e00000)
  to   space 1024K, 0% used [0x00000000d6f00000,0x00000000d6f00000,0x00000000d7000000)
 ParOldGen       total 68608K, used 18576K [0x0000000080000000, 0x0000000084300000, 0x00000000d5580000)
  object space 68608K, 27% used [0x0000000080000000,0x0000000081224020,0x0000000084300000)
 Metaspace       used 36594K, committed 37696K, reserved 1114112K
  class space    used 3851K, committed 4352K, reserved 1048576K
GC Heap History (20 events):
Event: 2.734 GC heap before
{Heap before GC invocations=6 (full 0):
 PSYoungGen      total 29184K, used 29178K [0x00000000d5580000, 0x00000000d7900000, 0x0000000100000000)
  eden space 25088K, 100% used [0x00000000d5580000,0x00000000d6e00000,0x00000000d6e00000)
  from space 4096K, 99% used [0x00000000d6e80000,0x00000000d727eb08,0x00000000d7280000)
  to   space 5632K, 0% used [0x00000000d7380000,0x00000000d7380000,0x00000000d7900000)
 ParOldGen       total 68608K, used 7821K [0x0000000080000000, 0x0000000084300000, 0x00000000d5580000)
  object space 68608K, 11% used [0x0000000080000000,0x00000000807a3488,0x0000000084300000)
 Metaspace       used 18492K, committed 19264K, reserved 1114112K
  class space    used 1931K, committed 2240K, reserved 1048576K
}
Event: 2.738 GC heap after
{Heap after GC invocations=6 (full 0):
 PSYoungGen      total 30208K, used 5301K [0x00000000d5580000, 0x00000000d7900000, 0x0000000100000000)
  eden space 24576K, 0% used [0x00000000d5580000,0x00000000d5580000,0x00000000d6d80000)
  from space 5632K, 94% used [0x00000000d7380000,0x00000000d78ad428,0x00000000d7900000)
  to   space 5632K, 0% used [0x00000000d6e00000,0x00000000d6e00000,0x00000000d7380000)
 ParOldGen       total 68608K, used 7829K [0x0000000080000000, 0x0000000084300000, 0x00000000d5580000)
  object space 68608K, 11% used [0x0000000080000000,0x00000000807a5488,0x0000000084300000)
 Metaspace       used 18492K, committed 19264K, reserved 1114112K
  class space    used 1931K, committed 2240K, reserved 1048576K
}
Event: 2.948 GC heap before
{Heap before GC invocations=7 (full 0):
 PSYoungGen      total 30208K, used 26588K [0x00000000d5580000, 0x00000000d7900000, 0x0000000100000000)
  eden space 24576K, 86% used [0x00000000d5580000,0x00000000d6a49c78,0x00000000d6d80000)
  from space 5632K, 94% used [0x00000000d7380000,0x00000000d78ad428,0x00000000d7900000)
  to   space 5632K, 0% used [0x00000000d6e00000,0x00000000d6e00000,0x00000000d7380000)
 ParOldGen       total 68608K, used 7829K [0x0000000080000000, 0x0000000084300000, 0x00000000d5580000)
  object space 68608K, 11% used [0x0000000080000000,0x00000000807a5488,0x0000000084300000)
 Metaspace       used 20740K, committed 21504K, reserved 1114112K
  class space    used 2177K, committed 2496K, reserved 1048576K
}
Event: 2.954 GC heap after
{Heap after GC invocations=7 (full 0):
 PSYoungGen      total 29696K, used 4660K [0x00000000d5580000, 0x00000000d7780000, 0x0000000100000000)
  eden space 24576K, 0% used [0x00000000d5580000,0x00000000d5580000,0x00000000d6d80000)
  from space 5120K, 91% used [0x00000000d6e00000,0x00000000d728d190,0x00000000d7300000)
  to   space 4608K, 0% used [0x00000000d7300000,0x00000000d7300000,0x00000000d7780000)
 ParOldGen       total 68608K, used 9059K [0x0000000080000000, 0x0000000084300000, 0x00000000d5580000)
  object space 68608K, 13% used [0x0000000080000000,0x00000000808d8ca8,0x0000000084300000)
 Metaspace       used 20740K, committed 21504K, reserved 1114112K
  class space    used 2177K, committed 2496K, reserved 1048576K
}
Event: 2.954 GC heap before
{Heap before GC invocations=8 (full 1):
 PSYoungGen      total 29696K, used 4660K [0x00000000d5580000, 0x00000000d7780000, 0x0000000100000000)
  eden space 24576K, 0% used [0x00000000d5580000,0x00000000d5580000,0x00000000d6d80000)
  from space 5120K, 91% used [0x00000000d6e00000,0x00000000d728d190,0x00000000d7300000)
  to   space 4608K, 0% used [0x00000000d7300000,0x00000000d7300000,0x00000000d7780000)
 ParOldGen       total 68608K, used 9059K [0x0000000080000000, 0x0000000084300000, 0x00000000d5580000)
  object space 68608K, 13% used [0x0000000080000000,0x00000000808d8ca8,0x0000000084300000)
 Metaspace       used 20740K, committed 21504K, reserved 1114112K
  class space    used 2177K, committed 2496K, reserved 1048576K
}
Event: 2.981 GC heap after
{Heap after GC invocations=8 (full 1):
 PSYoungGen      total 29696K, used 0K [0x00000000d5580000, 0x00000000d7780000, 0x0000000100000000)
  eden space 24576K, 0% used [0x00000000d5580000,0x00000000d5580000,0x00000000d6d80000)
  from space 5120K, 0% used [0x00000000d6e00000,0x00000000d6e00000,0x00000000d7300000)
  to   space 4608K, 0% used [0x00000000d7300000,0x00000000d7300000,0x00000000d7780000)
 ParOldGen       total 68608K, used 12979K [0x0000000080000000, 0x0000000084300000, 0x00000000d5580000)
  object space 68608K, 18% used [0x0000000080000000,0x0000000080cacde8,0x0000000084300000)
 Metaspace       used 20727K, committed 21504K, reserved 1114112K
  class space    used 2173K, committed 2496K, reserved 1048576K
}
Event: 3.203 GC heap before
{Heap before GC invocations=9 (full 1):
 PSYoungGen      total 29696K, used 24576K [0x00000000d5580000, 0x00000000d7780000, 0x0000000100000000)
  eden space 24576K, 100% used [0x00000000d5580000,0x00000000d6d80000,0x00000000d6d80000)
  from space 5120K, 0% used [0x00000000d6e00000,0x00000000d6e00000,0x00000000d7300000)
  to   space 4608K, 0% used [0x00000000d7300000,0x00000000d7300000,0x00000000d7780000)
 ParOldGen       total 68608K, used 12979K [0x0000000080000000, 0x0000000084300000, 0x00000000d5580000)
  object space 68608K, 18% used [0x0000000080000000,0x0000000080cacde8,0x0000000084300000)
 Metaspace       used 23380K, committed 24192K, reserved 1114112K
  class space    used 2343K, committed 2688K, reserved 1048576K
}
Event: 3.204 GC heap after
{Heap after GC invocations=9 (full 1):
 PSYoungGen      total 25088K, used 608K [0x00000000d5580000, 0x00000000d7400000, 0x0000000100000000)
  eden space 24064K, 0% used [0x00000000d5580000,0x00000000d5580000,0x00000000d6d00000)
  from space 1024K, 59% used [0x00000000d7300000,0x00000000d7398230,0x00000000d7400000)
  to   space 2560K, 0% used [0x00000000d6f00000,0x00000000d6f00000,0x00000000d7180000)
 ParOldGen       total 68608K, used 12979K [0x0000000080000000, 0x0000000084300000, 0x00000000d5580000)
  object space 68608K, 18% used [0x0000000080000000,0x0000000080cacde8,0x0000000084300000)
 Metaspace       used 23380K, committed 24192K, reserved 1114112K
  class space    used 2343K, committed 2688K, reserved 1048576K
}
Event: 3.392 GC heap before
{Heap before GC invocations=10 (full 1):
 PSYoungGen      total 25088K, used 24672K [0x00000000d5580000, 0x00000000d7400000, 0x0000000100000000)
  eden space 24064K, 100% used [0x00000000d5580000,0x00000000d6d00000,0x00000000d6d00000)
  from space 1024K, 59% used [0x00000000d7300000,0x00000000d7398230,0x00000000d7400000)
  to   space 2560K, 0% used [0x00000000d6f00000,0x00000000d6f00000,0x00000000d7180000)
 ParOldGen       total 68608K, used 12979K [0x0000000080000000, 0x0000000084300000, 0x00000000d5580000)
  object space 68608K, 18% used [0x0000000080000000,0x0000000080cacde8,0x0000000084300000)
 Metaspace       used 26427K, committed 27200K, reserved 1114112K
  class space    used 2581K, committed 2880K, reserved 1048576K
}
Event: 3.394 GC heap after
{Heap after GC invocations=10 (full 1):
 PSYoungGen      total 26112K, used 2559K [0x00000000d5580000, 0x00000000d7380000, 0x0000000100000000)
  eden space 23552K, 0% used [0x00000000d5580000,0x00000000d5580000,0x00000000d6c80000)
  from space 2560K, 99% used [0x00000000d6f00000,0x00000000d717fd98,0x00000000d7180000)
  to   space 2048K, 0% used [0x00000000d7180000,0x00000000d7180000,0x00000000d7380000)
 ParOldGen       total 68608K, used 12987K [0x0000000080000000, 0x0000000084300000, 0x00000000d5580000)
  object space 68608K, 18% used [0x0000000080000000,0x0000000080caede8,0x0000000084300000)
 Metaspace       used 26427K, committed 27200K, reserved 1114112K
  class space    used 2581K, committed 2880K, reserved 1048576K
}
Event: 3.667 GC heap before
{Heap before GC invocations=11 (full 1):
 PSYoungGen      total 26112K, used 26111K [0x00000000d5580000, 0x00000000d7380000, 0x0000000100000000)
  eden space 23552K, 100% used [0x00000000d5580000,0x00000000d6c80000,0x00000000d6c80000)
  from space 2560K, 99% used [0x00000000d6f00000,0x00000000d717fd98,0x00000000d7180000)
  to   space 2048K, 0% used [0x00000000d7180000,0x00000000d7180000,0x00000000d7380000)
 ParOldGen       total 68608K, used 12987K [0x0000000080000000, 0x0000000084300000, 0x00000000d5580000)
  object space 68608K, 18% used [0x0000000080000000,0x0000000080caede8,0x0000000084300000)
 Metaspace       used 28850K, committed 29760K, reserved 1114112K
  class space    used 2808K, committed 3200K, reserved 1048576K
}
Event: 3.669 GC heap after
{Heap after GC invocations=11 (full 1):
 PSYoungGen      total 25088K, used 2022K [0x00000000d5580000, 0x00000000d7400000, 0x0000000100000000)
  eden space 23040K, 0% used [0x00000000d5580000,0x00000000d5580000,0x00000000d6c00000)
  from space 2048K, 98% used [0x00000000d7180000,0x00000000d7379858,0x00000000d7380000)
  to   space 4096K, 0% used [0x00000000d6c00000,0x00000000d6c00000,0x00000000d7000000)
 ParOldGen       total 68608K, used 14446K [0x0000000080000000, 0x0000000084300000, 0x00000000d5580000)
  object space 68608K, 21% used [0x0000000080000000,0x0000000080e1b828,0x0000000084300000)
 Metaspace       used 28850K, committed 29760K, reserved 1114112K
  class space    used 2808K, committed 3200K, reserved 1048576K
}
Event: 3.881 GC heap before
{Heap before GC invocations=12 (full 1):
 PSYoungGen      total 25088K, used 25062K [0x00000000d5580000, 0x00000000d7400000, 0x0000000100000000)
  eden space 23040K, 100% used [0x00000000d5580000,0x00000000d6c00000,0x00000000d6c00000)
  from space 2048K, 98% used [0x00000000d7180000,0x00000000d7379858,0x00000000d7380000)
  to   space 4096K, 0% used [0x00000000d6c00000,0x00000000d6c00000,0x00000000d7000000)
 ParOldGen       total 68608K, used 14446K [0x0000000080000000, 0x0000000084300000, 0x00000000d5580000)
  object space 68608K, 21% used [0x0000000080000000,0x0000000080e1b828,0x0000000084300000)
 Metaspace       used 31797K, committed 32768K, reserved 1114112K
  class space    used 3177K, committed 3584K, reserved 1048576K
}
Event: 3.884 GC heap after
{Heap after GC invocations=12 (full 1):
 PSYoungGen      total 24064K, used 1511K [0x00000000d5580000, 0x00000000d7200000, 0x0000000100000000)
  eden space 22528K, 0% used [0x00000000d5580000,0x00000000d5580000,0x00000000d6b80000)
  from space 1536K, 98% used [0x00000000d6c00000,0x00000000d6d79e38,0x00000000d6d80000)
  to   space 2560K, 0% used [0x00000000d6f80000,0x00000000d6f80000,0x00000000d7200000)
 ParOldGen       total 68608K, used 16428K [0x0000000080000000, 0x0000000084300000, 0x00000000d5580000)
  object space 68608K, 23% used [0x0000000080000000,0x000000008100b290,0x0000000084300000)
 Metaspace       used 31797K, committed 32768K, reserved 1114112K
  class space    used 3177K, committed 3584K, reserved 1048576K
}
Event: 4.281 GC heap before
{Heap before GC invocations=13 (full 1):
 PSYoungGen      total 24064K, used 24039K [0x00000000d5580000, 0x00000000d7200000, 0x0000000100000000)
  eden space 22528K, 100% used [0x00000000d5580000,0x00000000d6b80000,0x00000000d6b80000)
  from space 1536K, 98% used [0x00000000d6c00000,0x00000000d6d79e38,0x00000000d6d80000)
  to   space 2560K, 0% used [0x00000000d6f80000,0x00000000d6f80000,0x00000000d7200000)
 ParOldGen       total 68608K, used 16428K [0x0000000080000000, 0x0000000084300000, 0x00000000d5580000)
  object space 68608K, 23% used [0x0000000080000000,0x000000008100b290,0x0000000084300000)
 Metaspace       used 34631K, committed 35712K, reserved 1114112K
  class space    used 3573K, committed 4032K, reserved 1048576K
}
Event: 4.285 GC heap after
{Heap after GC invocations=13 (full 1):
 PSYoungGen      total 24064K, used 1792K [0x00000000d5580000, 0x00000000d7180000, 0x0000000100000000)
  eden space 22016K, 0% used [0x00000000d5580000,0x00000000d5580000,0x00000000d6b00000)
  from space 2048K, 87% used [0x00000000d6f80000,0x00000000d7140000,0x00000000d7180000)
  to   space 2048K, 0% used [0x00000000d6d80000,0x00000000d6d80000,0x00000000d6f80000)
 ParOldGen       total 68608K, used 17521K [0x0000000080000000, 0x0000000084300000, 0x00000000d5580000)
  object space 68608K, 25% used [0x0000000080000000,0x000000008111c6f0,0x0000000084300000)
 Metaspace       used 34631K, committed 35712K, reserved 1114112K
  class space    used 3573K, committed 4032K, reserved 1048576K
}
Event: 4.306 GC heap before
{Heap before GC invocations=14 (full 1):
 PSYoungGen      total 24064K, used 3509K [0x00000000d5580000, 0x00000000d7180000, 0x0000000100000000)
  eden space 22016K, 7% used [0x00000000d5580000,0x00000000d572d670,0x00000000d6b00000)
  from space 2048K, 87% used [0x00000000d6f80000,0x00000000d7140000,0x00000000d7180000)
  to   space 2048K, 0% used [0x00000000d6d80000,0x00000000d6d80000,0x00000000d6f80000)
 ParOldGen       total 68608K, used 17521K [0x0000000080000000, 0x0000000084300000, 0x00000000d5580000)
  object space 68608K, 25% used [0x0000000080000000,0x000000008111c6f0,0x0000000084300000)
 Metaspace       used 34846K, committed 35840K, reserved 1114112K
  class space    used 3596K, committed 4032K, reserved 1048576K
}
Event: 4.311 GC heap after
{Heap after GC invocations=14 (full 1):
 PSYoungGen      total 22528K, used 307K [0x00000000d5580000, 0x00000000d7000000, 0x0000000100000000)
  eden space 22016K, 0% used [0x00000000d5580000,0x00000000d5580000,0x00000000d6b00000)
  from space 512K, 60% used [0x00000000d6d80000,0x00000000d6dcced0,0x00000000d6e00000)
  to   space 1024K, 0% used [0x00000000d6f00000,0x00000000d6f00000,0x00000000d7000000)
 ParOldGen       total 68608K, used 19121K [0x0000000080000000, 0x0000000084300000, 0x00000000d5580000)
  object space 68608K, 27% used [0x0000000080000000,0x00000000812ac740,0x0000000084300000)
 Metaspace       used 34846K, committed 35840K, reserved 1114112K
  class space    used 3596K, committed 4032K, reserved 1048576K
}
Event: 4.311 GC heap before
{Heap before GC invocations=15 (full 2):
 PSYoungGen      total 22528K, used 307K [0x00000000d5580000, 0x00000000d7000000, 0x0000000100000000)
  eden space 22016K, 0% used [0x00000000d5580000,0x00000000d5580000,0x00000000d6b00000)
  from space 512K, 60% used [0x00000000d6d80000,0x00000000d6dcced0,0x00000000d6e00000)
  to   space 1024K, 0% used [0x00000000d6f00000,0x00000000d6f00000,0x00000000d7000000)
 ParOldGen       total 68608K, used 19121K [0x0000000080000000, 0x0000000084300000, 0x00000000d5580000)
  object space 68608K, 27% used [0x0000000080000000,0x00000000812ac740,0x0000000084300000)
 Metaspace       used 34846K, committed 35840K, reserved 1114112K
  class space    used 3596K, committed 4032K, reserved 1048576K
}
Event: 4.351 GC heap after
{Heap after GC invocations=15 (full 2):
 PSYoungGen      total 22528K, used 0K [0x00000000d5580000, 0x00000000d7000000, 0x0000000100000000)
  eden space 22016K, 0% used [0x00000000d5580000,0x00000000d5580000,0x00000000d6b00000)
  from space 512K, 0% used [0x00000000d6d80000,0x00000000d6d80000,0x00000000d6e00000)
  to   space 1024K, 0% used [0x00000000d6f00000,0x00000000d6f00000,0x00000000d7000000)
 ParOldGen       total 68608K, used 18576K [0x0000000080000000, 0x0000000084300000, 0x00000000d5580000)
  object space 68608K, 27% used [0x0000000080000000,0x0000000081224020,0x0000000084300000)
 Metaspace       used 34825K, committed 35840K, reserved 1114112K
  class space    used 3590K, committed 4032K, reserved 1048576K
}

