# JRE version: OpenJDK Runtime Environment Temurin-21.0.8+9 (21.0.8+9) (build 21.0.8+9-LTS)
# Java VM: OpenJDK 64-Bit Server VM Temurin-21.0.8+9 (21.0.8+9-LTS, mixed mode, sharing, tiered, compressed oops, compressed class ptrs, parallel gc, windows-amd64)
GC Precious Log:
 CardTable entry size: 512
 CPUs: 12 total, 12 available
 Memory: 7866M
 Large Page Support: Disabled
 NUMA Support: Disabled
 Compressed Oops: Enabled (32-bit)
 Alignments: Space 512K, Generation 512K, Heap 2M
 Heap Min Capacity: 100M
 Heap Initial Capacity: 100M
 Heap Max Capacity: 2G
 Pre-touch: Disabled
 Parallel Workers: 10
Heap:
 PSYoungGen      total 11776K, used 2069K [0x00000000d5580000, 0x00000000d6380000, 0x0000000100000000)
  eden space 9216K, 0% used [0x00000000d5580000,0x00000000d5580000,0x00000000d5e80000)
  from space 2560K, 80% used [0x00000000d5e80000,0x00000000d60857e8,0x00000000d6100000)
  to   space 2560K, 0% used [0x00000000d6100000,0x00000000d6100000,0x00000000d6380000)
 ParOldGen       total 217088K, used 216990K [0x0000000080000000, 0x000000008d400000, 0x00000000d5580000)
  object space 217088K, 99% used [0x0000000080000000,0x000000008d3e7b90,0x000000008d400000)
 Metaspace       used 58068K, committed 59392K, reserved 1114112K
  class space    used 6235K, committed 6784K, reserved 1048576K
GC Heap History (20 events):
Event: 11.388 GC heap after
{Heap after GC invocations=89 (full 2):
 PSYoungGen      total 12288K, used 2263K [0x00000000d5580000, 0x00000000d6400000, 0x0000000100000000)
  eden space 9728K, 0% used [0x00000000d5580000,0x00000000d5580000,0x00000000d5f00000)
  from space 2560K, 88% used [0x00000000d5f00000,0x00000000d6135f80,0x00000000d6180000)
  to   space 2560K, 0% used [0x00000000d6180000,0x00000000d6180000,0x00000000d6400000)
 ParOldGen       total 197632K, used 197582K [0x0000000080000000, 0x000000008c100000, 0x00000000d5580000)
  object space 197632K, 99% used [0x0000000080000000,0x000000008c0f3878,0x000000008c100000)
 Metaspace       used 57287K, committed 58496K, reserved 1114112K
  class space    used 6105K, committed 6592K, reserved 1048576K
}
Event: 11.418 GC heap before
{Heap before GC invocations=90 (full 2):
 PSYoungGen      total 12288K, used 11991K [0x00000000d5580000, 0x00000000d6400000, 0x0000000100000000)
  eden space 9728K, 100% used [0x00000000d5580000,0x00000000d5f00000,0x00000000d5f00000)
  from space 2560K, 88% used [0x00000000d5f00000,0x00000000d6135f80,0x00000000d6180000)
  to   space 2560K, 0% used [0x00000000d6180000,0x00000000d6180000,0x00000000d6400000)
 ParOldGen       total 197632K, used 197582K [0x0000000080000000, 0x000000008c100000, 0x00000000d5580000)
  object space 197632K, 99% used [0x0000000080000000,0x000000008c0f3878,0x000000008c100000)
 Metaspace       used 57287K, committed 58496K, reserved 1114112K
  class space    used 6105K, committed 6592K, reserved 1048576K
}
Event: 11.422 GC heap after
{Heap after GC invocations=90 (full 2):
 PSYoungGen      total 12288K, used 2115K [0x00000000d5580000, 0x00000000d6400000, 0x0000000100000000)
  eden space 9728K, 0% used [0x00000000d5580000,0x00000000d5580000,0x00000000d5f00000)
  from space 2560K, 82% used [0x00000000d6180000,0x00000000d6390cf8,0x00000000d6400000)
  to   space 2560K, 0% used [0x00000000d5f00000,0x00000000d5f00000,0x00000000d6180000)
 ParOldGen       total 200192K, used 199688K [0x0000000080000000, 0x000000008c380000, 0x00000000d5580000)
  object space 200192K, 99% used [0x0000000080000000,0x000000008c3023d0,0x000000008c380000)
 Metaspace       used 57287K, committed 58496K, reserved 1114112K
  class space    used 6105K, committed 6592K, reserved 1048576K
}
Event: 11.470 GC heap before
{Heap before GC invocations=91 (full 2):
 PSYoungGen      total 12288K, used 11843K [0x00000000d5580000, 0x00000000d6400000, 0x0000000100000000)
  eden space 9728K, 100% used [0x00000000d5580000,0x00000000d5f00000,0x00000000d5f00000)
  from space 2560K, 82% used [0x00000000d6180000,0x00000000d6390cf8,0x00000000d6400000)
  to   space 2560K, 0% used [0x00000000d5f00000,0x00000000d5f00000,0x00000000d6180000)
 ParOldGen       total 200192K, used 199688K [0x0000000080000000, 0x000000008c380000, 0x00000000d5580000)
  object space 200192K, 99% used [0x0000000080000000,0x000000008c3023d0,0x000000008c380000)
 Metaspace       used 57287K, committed 58496K, reserved 1114112K
  class space    used 6105K, committed 6592K, reserved 1048576K
}
Event: 11.472 GC heap after
{Heap after GC invocations=91 (full 2):
 PSYoungGen      total 12288K, used 2266K [0x00000000d5580000, 0x00000000d6400000, 0x0000000100000000)
  eden space 9728K, 0% used [0x00000000d5580000,0x00000000d5580000,0x00000000d5f00000)
  from space 2560K, 88% used [0x00000000d5f00000,0x00000000d61368a0,0x00000000d6180000)
  to   space 2560K, 0% used [0x00000000d6180000,0x00000000d6180000,0x00000000d6400000)
 ParOldGen       total 201728K, used 201709K [0x0000000080000000, 0x000000008c500000, 0x00000000d5580000)
  object space 201728K, 99% used [0x0000000080000000,0x000000008c4fb490,0x000000008c500000)
 Metaspace       used 57287K, committed 58496K, reserved 1114112K
  class space    used 6105K, committed 6592K, reserved 1048576K
}
Event: 11.509 GC heap before
{Heap before GC invocations=92 (full 2):
 PSYoungGen      total 12288K, used 11994K [0x00000000d5580000, 0x00000000d6400000, 0x0000000100000000)
  eden space 9728K, 100% used [0x00000000d5580000,0x00000000d5f00000,0x00000000d5f00000)
  from space 2560K, 88% used [0x00000000d5f00000,0x00000000d61368a0,0x00000000d6180000)
  to   space 2560K, 0% used [0x00000000d6180000,0x00000000d6180000,0x00000000d6400000)
 ParOldGen       total 201728K, used 201709K [0x0000000080000000, 0x000000008c500000, 0x00000000d5580000)
  object space 201728K, 99% used [0x0000000080000000,0x000000008c4fb490,0x000000008c500000)
 Metaspace       used 57287K, committed 58496K, reserved 1114112K
  class space    used 6105K, committed 6592K, reserved 1048576K
}
Event: 11.514 GC heap after
{Heap after GC invocations=92 (full 2):
 PSYoungGen      total 12288K, used 2067K [0x00000000d5580000, 0x00000000d6400000, 0x0000000100000000)
  eden space 9728K, 0% used [0x00000000d5580000,0x00000000d5580000,0x00000000d5f00000)
  from space 2560K, 80% used [0x00000000d6180000,0x00000000d6384f60,0x00000000d6400000)
  to   space 2560K, 0% used [0x00000000d5f00000,0x00000000d5f00000,0x00000000d6180000)
 ParOldGen       total 204288K, used 203788K [0x0000000080000000, 0x000000008c780000, 0x00000000d5580000)
  object space 204288K, 99% used [0x0000000080000000,0x000000008c7032d8,0x000000008c780000)
 Metaspace       used 57287K, committed 58496K, reserved 1114112K
  class space    used 6105K, committed 6592K, reserved 1048576K
}
Event: 11.554 GC heap before
{Heap before GC invocations=93 (full 2):
 PSYoungGen      total 12288K, used 11795K [0x00000000d5580000, 0x00000000d6400000, 0x0000000100000000)
  eden space 9728K, 100% used [0x00000000d5580000,0x00000000d5f00000,0x00000000d5f00000)
  from space 2560K, 80% used [0x00000000d6180000,0x00000000d6384f60,0x00000000d6400000)
  to   space 2560K, 0% used [0x00000000d5f00000,0x00000000d5f00000,0x00000000d6180000)
 ParOldGen       total 204288K, used 203788K [0x0000000080000000, 0x000000008c780000, 0x00000000d5580000)
  object space 204288K, 99% used [0x0000000080000000,0x000000008c7032d8,0x000000008c780000)
 Metaspace       used 57287K, committed 58496K, reserved 1114112K
  class space    used 6105K, committed 6592K, reserved 1048576K
}
Event: 11.557 GC heap after
{Heap after GC invocations=93 (full 2):
 PSYoungGen      total 12288K, used 2220K [0x00000000d5580000, 0x00000000d6400000, 0x0000000100000000)
  eden space 9728K, 0% used [0x00000000d5580000,0x00000000d5580000,0x00000000d5f00000)
  from space 2560K, 86% used [0x00000000d5f00000,0x00000000d612b130,0x00000000d6180000)
  to   space 2560K, 0% used [0x00000000d6180000,0x00000000d6180000,0x00000000d6400000)
 ParOldGen       total 205824K, used 205667K [0x0000000080000000, 0x000000008c900000, 0x00000000d5580000)
  object space 205824K, 99% used [0x0000000080000000,0x000000008c8d8f68,0x000000008c900000)
 Metaspace       used 57287K, committed 58496K, reserved 1114112K
  class space    used 6105K, committed 6592K, reserved 1048576K
}
Event: 11.657 GC heap before
{Heap before GC invocations=94 (full 2):
 PSYoungGen      total 12288K, used 11948K [0x00000000d5580000, 0x00000000d6400000, 0x0000000100000000)
  eden space 9728K, 99% used [0x00000000d5580000,0x00000000d5efffe8,0x00000000d5f00000)
  from space 2560K, 86% used [0x00000000d5f00000,0x00000000d612b130,0x00000000d6180000)
  to   space 2560K, 0% used [0x00000000d6180000,0x00000000d6180000,0x00000000d6400000)
 ParOldGen       total 205824K, used 205667K [0x0000000080000000, 0x000000008c900000, 0x00000000d5580000)
  object space 205824K, 99% used [0x0000000080000000,0x000000008c8d8f68,0x000000008c900000)
 Metaspace       used 57330K, committed 58560K, reserved 1114112K
  class space    used 6108K, committed 6592K, reserved 1048576K
}
Event: 11.660 GC heap after
{Heap after GC invocations=94 (full 2):
 PSYoungGen      total 12288K, used 2067K [0x00000000d5580000, 0x00000000d6400000, 0x0000000100000000)
  eden space 9728K, 0% used [0x00000000d5580000,0x00000000d5580000,0x00000000d5f00000)
  from space 2560K, 80% used [0x00000000d6180000,0x00000000d6384d58,0x00000000d6400000)
  to   space 2560K, 0% used [0x00000000d5f00000,0x00000000d5f00000,0x00000000d6180000)
 ParOldGen       total 207872K, used 207657K [0x0000000080000000, 0x000000008cb00000, 0x00000000d5580000)
  object space 207872K, 99% used [0x0000000080000000,0x000000008caca738,0x000000008cb00000)
 Metaspace       used 57330K, committed 58560K, reserved 1114112K
  class space    used 6108K, committed 6592K, reserved 1048576K
}
Event: 11.744 GC heap before
{Heap before GC invocations=95 (full 2):
 PSYoungGen      total 12288K, used 11795K [0x00000000d5580000, 0x00000000d6400000, 0x0000000100000000)
  eden space 9728K, 100% used [0x00000000d5580000,0x00000000d5f00000,0x00000000d5f00000)
  from space 2560K, 80% used [0x00000000d6180000,0x00000000d6384d58,0x00000000d6400000)
  to   space 2560K, 0% used [0x00000000d5f00000,0x00000000d5f00000,0x00000000d6180000)
 ParOldGen       total 207872K, used 207657K [0x0000000080000000, 0x000000008cb00000, 0x00000000d5580000)
  object space 207872K, 99% used [0x0000000080000000,0x000000008caca738,0x000000008cb00000)
 Metaspace       used 57573K, committed 58816K, reserved 1114112K
  class space    used 6155K, committed 6656K, reserved 1048576K
}
Event: 11.748 GC heap after
{Heap after GC invocations=95 (full 2):
 PSYoungGen      total 11776K, used 1811K [0x00000000d5580000, 0x00000000d6300000, 0x0000000100000000)
  eden space 9728K, 0% used [0x00000000d5580000,0x00000000d5580000,0x00000000d5f00000)
  from space 2048K, 88% used [0x00000000d5f00000,0x00000000d60c4eb0,0x00000000d6100000)
  to   space 2048K, 0% used [0x00000000d6100000,0x00000000d6100000,0x00000000d6300000)
 ParOldGen       total 209920K, used 209511K [0x0000000080000000, 0x000000008cd00000, 0x00000000d5580000)
  object space 209920K, 99% used [0x0000000080000000,0x000000008cc99fe0,0x000000008cd00000)
 Metaspace       used 57573K, committed 58816K, reserved 1114112K
  class space    used 6155K, committed 6656K, reserved 1048576K
}
Event: 11.807 GC heap before
{Heap before GC invocations=96 (full 2):
 PSYoungGen      total 11776K, used 11539K [0x00000000d5580000, 0x00000000d6300000, 0x0000000100000000)
  eden space 9728K, 100% used [0x00000000d5580000,0x00000000d5f00000,0x00000000d5f00000)
  from space 2048K, 88% used [0x00000000d5f00000,0x00000000d60c4eb0,0x00000000d6100000)
  to   space 2048K, 0% used [0x00000000d6100000,0x00000000d6100000,0x00000000d6300000)
 ParOldGen       total 209920K, used 209511K [0x0000000080000000, 0x000000008cd00000, 0x00000000d5580000)
  object space 209920K, 99% used [0x0000000080000000,0x000000008cc99fe0,0x000000008cd00000)
 Metaspace       used 57838K, committed 59136K, reserved 1114112K
  class space    used 6193K, committed 6720K, reserved 1048576K
}
Event: 11.811 GC heap after
{Heap after GC invocations=96 (full 2):
 PSYoungGen      total 11264K, used 2031K [0x00000000d5580000, 0x00000000d6400000, 0x0000000100000000)
  eden space 9216K, 0% used [0x00000000d5580000,0x00000000d5580000,0x00000000d5e80000)
  from space 2048K, 99% used [0x00000000d6100000,0x00000000d62fbdf0,0x00000000d6300000)
  to   space 2560K, 0% used [0x00000000d5e80000,0x00000000d5e80000,0x00000000d6100000)
 ParOldGen       total 211456K, used 211169K [0x0000000080000000, 0x000000008ce80000, 0x00000000d5580000)
  object space 211456K, 99% used [0x0000000080000000,0x000000008ce386b8,0x000000008ce80000)
 Metaspace       used 57838K, committed 59136K, reserved 1114112K
  class space    used 6193K, committed 6720K, reserved 1048576K
}
Event: 11.846 GC heap before
{Heap before GC invocations=97 (full 2):
 PSYoungGen      total 11264K, used 11247K [0x00000000d5580000, 0x00000000d6400000, 0x0000000100000000)
  eden space 9216K, 100% used [0x00000000d5580000,0x00000000d5e80000,0x00000000d5e80000)
  from space 2048K, 99% used [0x00000000d6100000,0x00000000d62fbdf0,0x00000000d6300000)
  to   space 2560K, 0% used [0x00000000d5e80000,0x00000000d5e80000,0x00000000d6100000)
 ParOldGen       total 211456K, used 211169K [0x0000000080000000, 0x000000008ce80000, 0x00000000d5580000)
  object space 211456K, 99% used [0x0000000080000000,0x000000008ce386b8,0x000000008ce80000)
 Metaspace       used 57951K, committed 59200K, reserved 1114112K
  class space    used 6213K, committed 6720K, reserved 1048576K
}
Event: 11.849 GC heap after
{Heap after GC invocations=97 (full 2):
 PSYoungGen      total 11776K, used 2117K [0x00000000d5580000, 0x00000000d6380000, 0x0000000100000000)
  eden space 9216K, 0% used [0x00000000d5580000,0x00000000d5580000,0x00000000d5e80000)
  from space 2560K, 82% used [0x00000000d5e80000,0x00000000d60915c0,0x00000000d6100000)
  to   space 2560K, 0% used [0x00000000d6100000,0x00000000d6100000,0x00000000d6380000)
 ParOldGen       total 212992K, used 212975K [0x0000000080000000, 0x000000008d000000, 0x00000000d5580000)
  object space 212992K, 99% used [0x0000000080000000,0x000000008cffbf50,0x000000008d000000)
 Metaspace       used 57951K, committed 59200K, reserved 1114112K
  class space    used 6213K, committed 6720K, reserved 1048576K
}
Event: 11.931 GC heap before
{Heap before GC invocations=98 (full 2):
 PSYoungGen      total 11776K, used 11333K [0x00000000d5580000, 0x00000000d6380000, 0x0000000100000000)
  eden space 9216K, 100% used [0x00000000d5580000,0x00000000d5e80000,0x00000000d5e80000)
  from space 2560K, 82% used [0x00000000d5e80000,0x00000000d60915c0,0x00000000d6100000)
  to   space 2560K, 0% used [0x00000000d6100000,0x00000000d6100000,0x00000000d6380000)
 ParOldGen       total 212992K, used 212975K [0x0000000080000000, 0x000000008d000000, 0x00000000d5580000)
  object space 212992K, 99% used [0x0000000080000000,0x000000008cffbf50,0x000000008d000000)
 Metaspace       used 57951K, committed 59200K, reserved 1114112K
  class space    used 6213K, committed 6720K, reserved 1048576K
}
Event: 11.934 GC heap after
{Heap after GC invocations=98 (full 2):
 PSYoungGen      total 11776K, used 2229K [0x00000000d5580000, 0x00000000d6380000, 0x0000000100000000)
  eden space 9216K, 0% used [0x00000000d5580000,0x00000000d5580000,0x00000000d5e80000)
  from space 2560K, 87% used [0x00000000d6100000,0x00000000d632d7f8,0x00000000d6380000)
  to   space 2560K, 0% used [0x00000000d5e80000,0x00000000d5e80000,0x00000000d6100000)
 ParOldGen       total 215040K, used 214946K [0x0000000080000000, 0x000000008d200000, 0x00000000d5580000)
  object space 215040K, 99% used [0x0000000080000000,0x000000008d1e8a80,0x000000008d200000)
 Metaspace       used 57951K, committed 59200K, reserved 1114112K
  class space    used 6213K, committed 6720K, reserved 1048576K
}
Event: 11.965 GC heap before
{Heap before GC invocations=99 (full 2):
 PSYoungGen      total 11776K, used 11445K [0x00000000d5580000, 0x00000000d6380000, 0x0000000100000000)
  eden space 9216K, 100% used [0x00000000d5580000,0x00000000d5e80000,0x00000000d5e80000)
  from space 2560K, 87% used [0x00000000d6100000,0x00000000d632d7f8,0x00000000d6380000)
  to   space 2560K, 0% used [0x00000000d5e80000,0x00000000d5e80000,0x00000000d6100000)
 ParOldGen       total 215040K, used 214946K [0x0000000080000000, 0x000000008d200000, 0x00000000d5580000)
  object space 215040K, 99% used [0x0000000080000000,0x000000008d1e8a80,0x000000008d200000)
 Metaspace       used 58068K, committed 59392K, reserved 1114112K
  class space    used 6235K, committed 6784K, reserved 1048576K
}

